12/08/2010 12:56:31 org.apache.catalina.core.AprLifecycleListener init
INFO: La biblioteca nativa de Apache Tomcat basada en ARP que permite un rendimiento óptimo en entornos de desarrollo no ha sido hallada en java.library.path: /usr/lib/jvm/java-6-openjdk/jre/lib/amd64/server:/usr/lib/jvm/java-6-openjdk/jre/lib/amd64:/usr/lib/jvm/java-6-openjdk/jre/../lib/amd64:/usr/java/packages/lib/amd64:/usr/lib/jni:/lib:/usr/lib
12/08/2010 12:56:31 org.apache.coyote.http11.Http11Protocol init
INFO: Inicializando Coyote HTTP/1.1 en puerto http-8080
12/08/2010 12:56:31 org.apache.catalina.startup.Catalina load
INFO: Initialization processed in 746 ms
12/08/2010 12:56:31 org.apache.catalina.core.StandardService start
INFO: Arrancando servicio Catalina
12/08/2010 12:56:31 org.apache.catalina.core.StandardEngine start
INFO: Starting Servlet Engine: Apache Tomcat/6.0.29
12/08/2010 12:56:31 org.apache.catalina.startup.HostConfig deployDirectory
INFO: Despliegue del directorio host-manager de la aplicación web
12/08/2010 12:56:31 org.apache.catalina.startup.HostConfig deployDirectory
INFO: Despliegue del directorio ROOT de la aplicación web
12/08/2010 12:56:31 org.apache.catalina.startup.HostConfig deployDirectory
INFO: Despliegue del directorio manager de la aplicación web
12/08/2010 12:56:32 org.apache.catalina.startup.HostConfig deployDirectory
INFO: Despliegue del directorio docs de la aplicación web
12/08/2010 12:56:32 org.apache.catalina.startup.HostConfig deployDirectory
INFO: Despliegue del directorio examples de la aplicación web
12/08/2010 12:56:32 org.apache.coyote.http11.Http11Protocol start
INFO: Arrancando Coyote HTTP/1.1 en puerto http-8080
12/08/2010 12:56:32 org.apache.jk.common.ChannelSocket init
INFO: JK: ajp13 listening on /0.0.0.0:8009
12/08/2010 12:56:32 org.apache.jk.server.JkMain start
INFO: Jk running ID=0 time=0/22  config=null
12/08/2010 12:56:32 org.apache.catalina.startup.Catalina start
INFO: Server startup in 1003 ms
12/08/2010 13:00:42 org.apache.catalina.startup.HostConfig deployWAR
INFO: Despliegue del archivo JasperReport.war de la aplicación web
12/08/2010 13:00:43 org.apache.catalina.loader.WebappClassLoader validateJarFile
INFO: validateJarFile(/home/gustavo/NetBeansProjects/psdfcore/web/apache-tomcat-6.0.29/webapps/JasperReport/WEB-INF/lib/servlet.jar) - jar not loaded. See Servlet Spec 2.3, section 9.7.2. Offending class: javax/servlet/Servlet.class
12/08/2010 13:04:06 org.apache.coyote.http11.Http11Protocol pause
INFO: Pausando Coyote HTTP/1.1 en puerto http-8080
12/08/2010 13:04:07 org.apache.catalina.core.StandardService stop
INFO: Parando servicio Catalina
12/08/2010 13:04:07 org.apache.coyote.http11.Http11Protocol destroy
INFO: Parando Coyote HTTP/1.1 en puerto http-8080
12/08/2010 13:05:20 org.apache.catalina.core.AprLifecycleListener init
INFO: La biblioteca nativa de Apache Tomcat basada en ARP que permite un rendimiento óptimo en entornos de desarrollo no ha sido hallada en java.library.path: /usr/lib/jvm/java-6-openjdk/jre/lib/amd64/server:/usr/lib/jvm/java-6-openjdk/jre/lib/amd64:/usr/lib/jvm/java-6-openjdk/jre/../lib/amd64:/usr/java/packages/lib/amd64:/usr/lib/jni:/lib:/usr/lib
12/08/2010 13:05:21 org.apache.coyote.http11.Http11Protocol init
INFO: Inicializando Coyote HTTP/1.1 en puerto http-8080
12/08/2010 13:05:21 org.apache.catalina.startup.Catalina load
INFO: Initialization processed in 801 ms
12/08/2010 13:05:21 org.apache.catalina.core.StandardService start
INFO: Arrancando servicio Catalina
12/08/2010 13:05:21 org.apache.catalina.core.StandardEngine start
INFO: Starting Servlet Engine: Apache Tomcat/6.0.29
12/08/2010 13:05:21 org.apache.catalina.startup.HostConfig deployDescriptor
INFO: Desplieque del descriptor de configuración host-manager.xml
12/08/2010 13:05:21 org.apache.catalina.startup.HostConfig deployDescriptor
INFO: Desplieque del descriptor de configuración manager.xml
12/08/2010 13:05:21 org.apache.catalina.startup.HostConfig deployWAR
INFO: Despliegue del archivo JasperReport.war de la aplicación web
12/08/2010 13:05:21 org.apache.catalina.loader.WebappClassLoader validateJarFile
INFO: validateJarFile(/home/gustavo/NetBeansProjects/psdfcore/web/apache-tomcat-6.0.29/webapps/JasperReport/WEB-INF/lib/servlet.jar) - jar not loaded. See Servlet Spec 2.3, section 9.7.2. Offending class: javax/servlet/Servlet.class
12/08/2010 13:05:21 org.apache.catalina.startup.HostConfig deployDirectory
INFO: Despliegue del directorio ROOT de la aplicación web
12/08/2010 13:05:22 org.apache.catalina.startup.HostConfig deployDirectory
INFO: Despliegue del directorio docs de la aplicación web
12/08/2010 13:05:22 org.apache.catalina.startup.HostConfig deployDirectory
INFO: Despliegue del directorio examples de la aplicación web
12/08/2010 13:05:22 org.apache.coyote.http11.Http11Protocol start
INFO: Arrancando Coyote HTTP/1.1 en puerto http-8080
12/08/2010 13:05:22 org.apache.jk.common.ChannelSocket init
INFO: JK: ajp13 listening on /0.0.0.0:8009
12/08/2010 13:05:22 org.apache.jk.server.JkMain start
INFO: Jk running ID=0 time=0/28  config=null
12/08/2010 13:05:22 org.apache.catalina.startup.Catalina start
INFO: Server startup in 1428 ms
12/08/2010 13:30:46 org.apache.coyote.http11.Http11Protocol pause
INFO: Pausando Coyote HTTP/1.1 en puerto http-8080
12/08/2010 13:30:47 org.apache.catalina.core.StandardService stop
INFO: Parando servicio Catalina
12/08/2010 13:30:47 org.apache.catalina.loader.WebappClassLoader clearReferencesThreads
GRAVE: The web application [/JasperReport] appears to have started a thread named [JavaBridgeTempFileObserver] but has failed to stop it. This is very likely to create a memory leak.
12/08/2010 13:30:47 org.apache.catalina.loader.WebappClassLoader clearThreadLocalMap
GRAVE: The web application [/JasperReport] created a ThreadLocal with key of type [java.lang.ThreadLocal] (value [java.lang.ThreadLocal@7185ad79]) and a value of type [php.java.bridge.Util.Logger] (value [php.java.bridge.Util$Logger@28ae4646]) but failed to remove it when the web application was stopped. This is very likely to create a memory leak.
12/08/2010 13:30:47 org.apache.coyote.http11.Http11Protocol destroy
INFO: Parando Coyote HTTP/1.1 en puerto http-8080
12/08/2010 13:32:24 org.apache.catalina.core.AprLifecycleListener init
INFO: La biblioteca nativa de Apache Tomcat basada en ARP que permite un rendimiento óptimo en entornos de desarrollo no ha sido hallada en java.library.path: /usr/lib/jvm/java-6-openjdk/jre/lib/amd64/server:/usr/lib/jvm/java-6-openjdk/jre/lib/amd64:/usr/lib/jvm/java-6-openjdk/jre/../lib/amd64:/usr/java/packages/lib/amd64:/usr/lib/jni:/lib:/usr/lib
12/08/2010 13:32:24 org.apache.coyote.http11.Http11Protocol init
INFO: Inicializando Coyote HTTP/1.1 en puerto http-8080
12/08/2010 13:32:24 org.apache.catalina.startup.Catalina load
INFO: Initialization processed in 759 ms
12/08/2010 13:32:24 org.apache.catalina.core.StandardService start
INFO: Arrancando servicio Catalina
12/08/2010 13:32:24 org.apache.catalina.core.StandardEngine start
INFO: Starting Servlet Engine: Apache Tomcat/6.0.29
12/08/2010 13:32:24 org.apache.catalina.startup.HostConfig deployDescriptor
INFO: Desplieque del descriptor de configuración host-manager.xml
12/08/2010 13:32:25 org.apache.catalina.startup.HostConfig deployDescriptor
INFO: Desplieque del descriptor de configuración manager.xml
12/08/2010 13:32:25 org.apache.catalina.startup.HostConfig deployWAR
INFO: Despliegue del archivo JasperReport.war de la aplicación web
12/08/2010 13:32:25 org.apache.catalina.loader.WebappClassLoader validateJarFile
INFO: validateJarFile(/home/gustavo/NetBeansProjects/psdfcore/web/apache-tomcat-6.0.29/webapps/JasperReport/WEB-INF/lib/servlet.jar) - jar not loaded. See Servlet Spec 2.3, section 9.7.2. Offending class: javax/servlet/Servlet.class
12/08/2010 13:32:25 org.apache.catalina.startup.HostConfig deployDirectory
INFO: Despliegue del directorio ROOT de la aplicación web
12/08/2010 13:32:25 org.apache.catalina.startup.HostConfig deployDirectory
INFO: Despliegue del directorio docs de la aplicación web
12/08/2010 13:32:25 org.apache.catalina.startup.HostConfig deployDirectory
INFO: Despliegue del directorio examples de la aplicación web
12/08/2010 13:32:25 org.apache.coyote.http11.Http11Protocol start
INFO: Arrancando Coyote HTTP/1.1 en puerto http-8080
12/08/2010 13:32:26 org.apache.jk.common.ChannelSocket init
INFO: JK: ajp13 listening on /0.0.0.0:8009
12/08/2010 13:32:26 org.apache.jk.server.JkMain start
INFO: Jk running ID=0 time=0/27  config=null
12/08/2010 13:32:26 org.apache.catalina.startup.Catalina start
INFO: Server startup in 1349 ms
12/08/2010 13:33:26 org.apache.catalina.startup.HostConfig checkResources
INFO: Repliegue (undeploy) de la aplicación web que tiene como trayectoria de contexto /JasperReport
12/08/2010 13:33:46 org.apache.catalina.startup.HostConfig deployWAR
INFO: Despliegue del archivo JasperReport.war de la aplicación web
12/08/2010 13:35:27 org.apache.catalina.startup.HostConfig checkResources
INFO: Repliegue (undeploy) de la aplicación web que tiene como trayectoria de contexto /JasperReport
12/08/2010 13:35:27 org.apache.catalina.loader.WebappClassLoader clearThreadLocalMap
GRAVE: The web application [/JasperReport] created a ThreadLocal with key of type [java.lang.ThreadLocal] (value [java.lang.ThreadLocal@46dd75a4]) and a value of type [php.java.bridge.Util.Logger] (value [php.java.bridge.Util$Logger@2a8ab08f]) but failed to remove it when the web application was stopped. This is very likely to create a memory leak.
12/08/2010 13:37:08 org.apache.catalina.startup.HostConfig deployWAR
INFO: Despliegue del archivo JasperReport.war de la aplicación web
12/08/2010 14:33:23 org.apache.coyote.http11.Http11Protocol pause
INFO: Pausando Coyote HTTP/1.1 en puerto http-8080
12/08/2010 14:33:24 org.apache.catalina.core.StandardService stop
INFO: Parando servicio Catalina
12/08/2010 14:33:24 org.apache.catalina.loader.WebappClassLoader clearReferencesJdbc
GRAVE: The web application [/JasperReport] registered the JBDC driver [org.postgresql.Driver] but failed to unregister it when the web application was stopped. To prevent a memory leak, the JDBC Driver has been forcibly unregistered.
12/08/2010 14:33:24 org.apache.catalina.loader.WebappClassLoader clearThreadLocalMap
GRAVE: The web application [/JasperReport] created a ThreadLocal with key of type [java.lang.ThreadLocal] (value [java.lang.ThreadLocal@6b9c18ae]) and a value of type [null] (value [net.sf.jasperreports.engine.export.legacy.BorderOffset$1@3b26456a]) but failed to remove it when the web application was stopped. This is very likely to create a memory leak.
12/08/2010 14:33:24 org.apache.catalina.loader.WebappClassLoader clearThreadLocalMap
GRAVE: The web application [/JasperReport] created a ThreadLocal with key of type [java.lang.ThreadLocal] (value [java.lang.ThreadLocal@4d97507c]) and a value of type [php.java.bridge.Util.Logger] (value [php.java.bridge.Util$Logger@92524b0]) but failed to remove it when the web application was stopped. This is very likely to create a memory leak.
12/08/2010 14:33:24 org.apache.catalina.loader.WebappClassLoader clearThreadLocalMap
GRAVE: The web application [/JasperReport] created a ThreadLocal with key of type [java.lang.ThreadLocal] (value [java.lang.ThreadLocal@658ba380]) and a value of type [org.apache.commons.collections.ReferenceMap] (value [{WebappClassLoader
  context: /JasperReport
  delegate: false
  repositories:
----------> Parent Classloader:
org.apache.catalina.loader.StandardClassLoader@2c641e9a
=org.apache.xerces.util.XMLGrammarPoolImpl@127208e4}]) but failed to remove it when the web application was stopped. This is very likely to create a memory leak.
12/08/2010 14:33:24 org.apache.catalina.loader.WebappClassLoader clearThreadLocalMap
GRAVE: The web application [/JasperReport] created a ThreadLocal with key of type [null] (value [net.sf.jasperreports.engine.util.JRFontUtil$1@7ca5ba31]) and a value of type [java.util.HashSet] (value [[]]) but failed to remove it when the web application was stopped. This is very likely to create a memory leak.
12/08/2010 14:33:25 org.apache.coyote.http11.Http11Protocol destroy
INFO: Parando Coyote HTTP/1.1 en puerto http-8080
