13/08/2010 17:20:44 org.apache.catalina.core.AprLifecycleListener init
INFO: La biblioteca nativa de Apache Tomcat basada en ARP que permite un rendimiento óptimo en entornos de desarrollo no ha sido hallada en java.library.path: /usr/lib/jvm/java-6-openjdk/jre/lib/amd64/server:/usr/lib/jvm/java-6-openjdk/jre/lib/amd64:/usr/lib/jvm/java-6-openjdk/jre/../lib/amd64:/usr/java/packages/lib/amd64:/usr/lib/jni:/lib:/usr/lib
13/08/2010 17:20:45 org.apache.coyote.http11.Http11Protocol init
INFO: Inicializando Coyote HTTP/1.1 en puerto http-8080
13/08/2010 17:20:45 org.apache.catalina.startup.Catalina load
INFO: Initialization processed in 2537 ms
13/08/2010 17:20:46 org.apache.catalina.core.StandardService start
INFO: Arrancando servicio Catalina
13/08/2010 17:20:46 org.apache.catalina.core.StandardEngine start
INFO: Starting Servlet Engine: Apache Tomcat/6.0.29
13/08/2010 17:20:46 org.apache.catalina.startup.HostConfig deployDescriptor
INFO: Desplieque del descriptor de configuración host-manager.xml
13/08/2010 17:20:46 org.apache.catalina.startup.HostConfig deployDescriptor
INFO: Desplieque del descriptor de configuración manager.xml
13/08/2010 17:20:47 org.apache.catalina.startup.HostConfig deployWAR
INFO: Despliegue del archivo JasperReport.war de la aplicación web
13/08/2010 17:20:49 org.apache.catalina.startup.HostConfig deployDirectory
INFO: Despliegue del directorio ROOT de la aplicación web
13/08/2010 17:20:49 org.apache.catalina.startup.HostConfig deployDirectory
INFO: Despliegue del directorio docs de la aplicación web
13/08/2010 17:20:49 org.apache.catalina.startup.HostConfig deployDirectory
INFO: Despliegue del directorio examples de la aplicación web
13/08/2010 17:20:49 org.apache.coyote.http11.Http11Protocol start
INFO: Arrancando Coyote HTTP/1.1 en puerto http-8080
13/08/2010 17:20:50 org.apache.jk.common.ChannelSocket init
INFO: JK: ajp13 listening on /0.0.0.0:8009
13/08/2010 17:20:50 org.apache.jk.server.JkMain start
INFO: Jk running ID=0 time=0/63  config=null
13/08/2010 17:20:50 org.apache.catalina.startup.Catalina start
INFO: Server startup in 4063 ms
13/08/2010 20:27:27 org.apache.coyote.http11.Http11Protocol pause
INFO: Pausando Coyote HTTP/1.1 en puerto http-8080
13/08/2010 20:27:28 org.apache.catalina.core.StandardService stop
INFO: Parando servicio Catalina
13/08/2010 20:27:28 org.apache.catalina.loader.WebappClassLoader clearReferencesJdbc
GRAVE: The web application [/JasperReport] registered the JBDC driver [org.postgresql.Driver] but failed to unregister it when the web application was stopped. To prevent a memory leak, the JDBC Driver has been forcibly unregistered.
13/08/2010 20:27:28 org.apache.catalina.loader.WebappClassLoader clearReferencesThreads
GRAVE: The web application [/JasperReport] appears to have started a thread named [JavaBridgeTempFileObserver] but has failed to stop it. This is very likely to create a memory leak.
13/08/2010 20:27:28 org.apache.catalina.loader.WebappClassLoader clearThreadLocalMap
GRAVE: The web application [/JasperReport] created a ThreadLocal with key of type [java.lang.ThreadLocal] (value [java.lang.ThreadLocal@60437dcb]) and a value of type [php.java.bridge.Util.Logger] (value [php.java.bridge.Util$Logger@fa5e4e4]) but failed to remove it when the web application was stopped. This is very likely to create a memory leak.
13/08/2010 20:27:28 org.apache.catalina.loader.WebappClassLoader clearThreadLocalMap
GRAVE: The web application [/JasperReport] created a ThreadLocal with key of type [java.lang.ThreadLocal] (value [java.lang.ThreadLocal@54563cc2]) and a value of type [null] (value [net.sf.jasperreports.engine.export.legacy.BorderOffset$1@6437153d]) but failed to remove it when the web application was stopped. This is very likely to create a memory leak.
13/08/2010 20:27:28 org.apache.catalina.loader.WebappClassLoader clearThreadLocalMap
GRAVE: The web application [/JasperReport] created a ThreadLocal with key of type [java.lang.ThreadLocal] (value [java.lang.ThreadLocal@5c538b31]) and a value of type [org.apache.commons.collections.ReferenceMap] (value [{WebappClassLoader
  context: /JasperReport
  delegate: false
  repositories:
----------> Parent Classloader:
org.apache.catalina.loader.StandardClassLoader@33c282a1
=org.apache.xerces.util.XMLGrammarPoolImpl@a200d0c}]) but failed to remove it when the web application was stopped. This is very likely to create a memory leak.
13/08/2010 20:27:28 org.apache.catalina.loader.WebappClassLoader clearThreadLocalMap
GRAVE: The web application [/JasperReport] created a ThreadLocal with key of type [null] (value [net.sf.jasperreports.engine.util.JRFontUtil$1@3e389405]) and a value of type [java.util.HashSet] (value [[]]) but failed to remove it when the web application was stopped. This is very likely to create a memory leak.
13/08/2010 20:27:31 org.apache.coyote.http11.Http11Protocol destroy
INFO: Parando Coyote HTTP/1.1 en puerto http-8080
13/08/2010 20:29:42 org.apache.catalina.core.AprLifecycleListener init
INFO: La biblioteca nativa de Apache Tomcat basada en ARP que permite un rendimiento óptimo en entornos de desarrollo no ha sido hallada en java.library.path: /usr/lib/jvm/java-6-openjdk/jre/lib/amd64/server:/usr/lib/jvm/java-6-openjdk/jre/lib/amd64:/usr/lib/jvm/java-6-openjdk/jre/../lib/amd64:/usr/java/packages/lib/amd64:/usr/lib/jni:/lib:/usr/lib
13/08/2010 20:29:42 org.apache.coyote.http11.Http11Protocol init
INFO: Inicializando Coyote HTTP/1.1 en puerto http-8080
13/08/2010 20:29:42 org.apache.catalina.startup.Catalina load
INFO: Initialization processed in 1658 ms
13/08/2010 20:29:43 org.apache.catalina.core.StandardService start
INFO: Arrancando servicio Catalina
13/08/2010 20:29:43 org.apache.catalina.core.StandardEngine start
INFO: Starting Servlet Engine: Apache Tomcat/6.0.29
13/08/2010 20:29:43 org.apache.catalina.startup.HostConfig deployDescriptor
INFO: Desplieque del descriptor de configuración host-manager.xml
13/08/2010 20:29:43 org.apache.catalina.startup.HostConfig deployDescriptor
INFO: Desplieque del descriptor de configuración manager.xml
13/08/2010 20:29:43 org.apache.catalina.startup.HostConfig deployWAR
INFO: Despliegue del archivo JasperReport.war de la aplicación web
13/08/2010 20:29:44 org.apache.catalina.startup.HostConfig deployDirectory
INFO: Despliegue del directorio ROOT de la aplicación web
13/08/2010 20:29:44 org.apache.catalina.startup.HostConfig deployDirectory
INFO: Despliegue del directorio docs de la aplicación web
13/08/2010 20:29:44 org.apache.catalina.startup.HostConfig deployDirectory
INFO: Despliegue del directorio examples de la aplicación web
13/08/2010 20:29:44 org.apache.coyote.http11.Http11Protocol start
INFO: Arrancando Coyote HTTP/1.1 en puerto http-8080
13/08/2010 20:29:44 org.apache.jk.common.ChannelSocket init
INFO: JK: ajp13 listening on /0.0.0.0:8009
13/08/2010 20:29:44 org.apache.jk.server.JkMain start
INFO: Jk running ID=0 time=0/115  config=null
13/08/2010 20:29:45 org.apache.catalina.startup.Catalina start
INFO: Server startup in 2058 ms
13/08/2010 20:30:07 org.apache.coyote.http11.Http11Protocol pause
INFO: Pausando Coyote HTTP/1.1 en puerto http-8080
13/08/2010 20:30:08 org.apache.catalina.core.StandardService stop
INFO: Parando servicio Catalina
13/08/2010 20:30:08 org.apache.catalina.loader.WebappClassLoader clearReferencesJdbc
GRAVE: The web application [/JasperReport] registered the JBDC driver [org.postgresql.Driver] but failed to unregister it when the web application was stopped. To prevent a memory leak, the JDBC Driver has been forcibly unregistered.
13/08/2010 20:30:08 org.apache.catalina.loader.WebappClassLoader clearThreadLocalMap
GRAVE: The web application [/JasperReport] created a ThreadLocal with key of type [java.lang.ThreadLocal] (value [java.lang.ThreadLocal@60bb1ee]) and a value of type [php.java.bridge.Util.Logger] (value [php.java.bridge.Util$Logger@464e32c8]) but failed to remove it when the web application was stopped. This is very likely to create a memory leak.
13/08/2010 20:30:08 org.apache.catalina.loader.WebappClassLoader clearThreadLocalMap
GRAVE: The web application [/JasperReport] created a ThreadLocal with key of type [java.lang.ThreadLocal] (value [java.lang.ThreadLocal@37e80c87]) and a value of type [org.apache.commons.collections.ReferenceMap] (value [{WebappClassLoader
  context: /JasperReport
  delegate: false
  repositories:
----------> Parent Classloader:
org.apache.catalina.loader.StandardClassLoader@33c282a1
=org.apache.xerces.util.XMLGrammarPoolImpl@635c80a4}]) but failed to remove it when the web application was stopped. This is very likely to create a memory leak.
13/08/2010 20:30:08 org.apache.catalina.loader.WebappClassLoader clearThreadLocalMap
GRAVE: The web application [/JasperReport] created a ThreadLocal with key of type [null] (value [net.sf.jasperreports.engine.util.JRFontUtil$1@55641ee0]) and a value of type [java.util.HashSet] (value [[]]) but failed to remove it when the web application was stopped. This is very likely to create a memory leak.
13/08/2010 20:30:08 org.apache.coyote.http11.Http11Protocol destroy
INFO: Parando Coyote HTTP/1.1 en puerto http-8080
13/08/2010 20:30:58 org.apache.catalina.core.AprLifecycleListener init
INFO: La biblioteca nativa de Apache Tomcat basada en ARP que permite un rendimiento óptimo en entornos de desarrollo no ha sido hallada en java.library.path: /usr/lib/jvm/java-6-openjdk/jre/lib/amd64/server:/usr/lib/jvm/java-6-openjdk/jre/lib/amd64:/usr/lib/jvm/java-6-openjdk/jre/../lib/amd64:/usr/java/packages/lib/amd64:/usr/lib/jni:/lib:/usr/lib
13/08/2010 20:30:59 org.apache.coyote.http11.Http11Protocol init
INFO: Inicializando Coyote HTTP/1.1 en puerto http-8080
13/08/2010 20:30:59 org.apache.catalina.startup.Catalina load
INFO: Initialization processed in 779 ms
13/08/2010 20:30:59 org.apache.catalina.core.StandardService start
INFO: Arrancando servicio Catalina
13/08/2010 20:30:59 org.apache.catalina.core.StandardEngine start
INFO: Starting Servlet Engine: Apache Tomcat/6.0.29
13/08/2010 20:30:59 org.apache.catalina.startup.HostConfig deployDescriptor
INFO: Desplieque del descriptor de configuración host-manager.xml
13/08/2010 20:30:59 org.apache.catalina.startup.HostConfig deployDescriptor
INFO: Desplieque del descriptor de configuración manager.xml
13/08/2010 20:30:59 org.apache.catalina.startup.HostConfig deployWAR
INFO: Despliegue del archivo JasperReport.war de la aplicación web
13/08/2010 20:30:59 org.apache.catalina.startup.HostConfig deployDirectory
INFO: Despliegue del directorio ROOT de la aplicación web
13/08/2010 20:31:00 org.apache.catalina.startup.HostConfig deployDirectory
INFO: Despliegue del directorio docs de la aplicación web
13/08/2010 20:31:00 org.apache.catalina.startup.HostConfig deployDirectory
INFO: Despliegue del directorio examples de la aplicación web
13/08/2010 20:31:00 org.apache.coyote.http11.Http11Protocol start
INFO: Arrancando Coyote HTTP/1.1 en puerto http-8080
13/08/2010 20:31:00 org.apache.jk.common.ChannelSocket init
INFO: JK: ajp13 listening on /0.0.0.0:8009
13/08/2010 20:31:00 org.apache.jk.server.JkMain start
INFO: Jk running ID=0 time=0/27  config=null
13/08/2010 20:31:00 org.apache.catalina.startup.Catalina start
INFO: Server startup in 1346 ms
13/08/2010 20:31:13 org.apache.coyote.http11.Http11Protocol pause
INFO: Pausando Coyote HTTP/1.1 en puerto http-8080
13/08/2010 20:31:14 org.apache.catalina.core.StandardService stop
INFO: Parando servicio Catalina
13/08/2010 20:31:14 org.apache.coyote.http11.Http11Protocol destroy
INFO: Parando Coyote HTTP/1.1 en puerto http-8080
13/08/2010 23:18:06 org.apache.catalina.core.AprLifecycleListener init
INFO: La biblioteca nativa de Apache Tomcat basada en ARP que permite un rendimiento óptimo en entornos de desarrollo no ha sido hallada en java.library.path: /usr/lib/jvm/java-6-openjdk/jre/lib/amd64/server:/usr/lib/jvm/java-6-openjdk/jre/lib/amd64:/usr/lib/jvm/java-6-openjdk/jre/../lib/amd64:/usr/java/packages/lib/amd64:/usr/lib/jni:/lib:/usr/lib
13/08/2010 23:18:06 org.apache.coyote.http11.Http11Protocol init
INFO: Inicializando Coyote HTTP/1.1 en puerto http-8080
13/08/2010 23:18:06 org.apache.catalina.startup.Catalina load
INFO: Initialization processed in 1002 ms
13/08/2010 23:18:06 org.apache.catalina.core.StandardService start
INFO: Arrancando servicio Catalina
13/08/2010 23:18:06 org.apache.catalina.core.StandardEngine start
INFO: Starting Servlet Engine: Apache Tomcat/6.0.29
13/08/2010 23:18:06 org.apache.catalina.startup.HostConfig deployDescriptor
INFO: Desplieque del descriptor de configuración host-manager.xml
13/08/2010 23:18:07 org.apache.catalina.startup.HostConfig deployDescriptor
INFO: Desplieque del descriptor de configuración manager.xml
13/08/2010 23:18:07 org.apache.catalina.startup.HostConfig deployWAR
INFO: Despliegue del archivo JasperReport.war de la aplicación web
13/08/2010 23:18:08 org.apache.catalina.startup.HostConfig deployDirectory
INFO: Despliegue del directorio ROOT de la aplicación web
13/08/2010 23:18:08 org.apache.catalina.startup.HostConfig deployDirectory
INFO: Despliegue del directorio docs de la aplicación web
13/08/2010 23:18:08 org.apache.catalina.startup.HostConfig deployDirectory
INFO: Despliegue del directorio examples de la aplicación web
13/08/2010 23:18:09 org.apache.coyote.http11.Http11Protocol start
INFO: Arrancando Coyote HTTP/1.1 en puerto http-8080
13/08/2010 23:18:09 org.apache.jk.common.ChannelSocket init
INFO: JK: ajp13 listening on /0.0.0.0:8009
13/08/2010 23:18:09 org.apache.jk.server.JkMain start
INFO: Jk running ID=0 time=0/69  config=null
13/08/2010 23:18:09 org.apache.catalina.startup.Catalina start
INFO: Server startup in 2463 ms
13/08/2010 23:18:40 org.apache.catalina.core.AprLifecycleListener init
INFO: La biblioteca nativa de Apache Tomcat basada en ARP que permite un rendimiento óptimo en entornos de desarrollo no ha sido hallada en java.library.path: /usr/lib/jvm/java-6-openjdk/jre/lib/amd64/server:/usr/lib/jvm/java-6-openjdk/jre/lib/amd64:/usr/lib/jvm/java-6-openjdk/jre/../lib/amd64:/usr/java/packages/lib/amd64:/usr/lib/jni:/lib:/usr/lib
13/08/2010 23:18:41 org.apache.coyote.http11.Http11Protocol init
GRAVE: Error inicializando punto final (endpoint)
java.net.BindException: Address already in use <null>:8080
	at org.apache.tomcat.util.net.JIoEndpoint.init(JIoEndpoint.java:549)
	at org.apache.coyote.http11.Http11Protocol.init(Http11Protocol.java:176)
	at org.apache.catalina.connector.Connector.initialize(Connector.java:1014)
	at org.apache.catalina.core.StandardService.initialize(StandardService.java:680)
	at org.apache.catalina.core.StandardServer.initialize(StandardServer.java:795)
	at org.apache.catalina.startup.Catalina.load(Catalina.java:524)
	at org.apache.catalina.startup.Catalina.load(Catalina.java:548)
	at sun.reflect.NativeMethodAccessorImpl.invoke0(Native Method)
	at sun.reflect.NativeMethodAccessorImpl.invoke(NativeMethodAccessorImpl.java:57)
	at sun.reflect.DelegatingMethodAccessorImpl.invoke(DelegatingMethodAccessorImpl.java:43)
	at java.lang.reflect.Method.invoke(Method.java:616)
	at org.apache.catalina.startup.Bootstrap.load(Bootstrap.java:261)
	at org.apache.catalina.startup.Bootstrap.main(Bootstrap.java:413)
Caused by: java.net.BindException: Address already in use
	at java.net.PlainSocketImpl.socketBind(Native Method)
	at java.net.AbstractPlainSocketImpl.bind(AbstractPlainSocketImpl.java:336)
	at java.net.ServerSocket.bind(ServerSocket.java:336)
	at java.net.ServerSocket.<init>(ServerSocket.java:202)
	at java.net.ServerSocket.<init>(ServerSocket.java:158)
	at org.apache.tomcat.util.net.DefaultServerSocketFactory.createSocket(DefaultServerSocketFactory.java:50)
	at org.apache.tomcat.util.net.JIoEndpoint.init(JIoEndpoint.java:538)
	... 12 more
13/08/2010 23:18:41 org.apache.catalina.startup.Catalina load
GRAVE: Catalina.start
LifecycleException:  Falló la inicialización del manejador de protocolo: java.net.BindException: Address already in use <null>:8080
	at org.apache.catalina.connector.Connector.initialize(Connector.java:1016)
	at org.apache.catalina.core.StandardService.initialize(StandardService.java:680)
	at org.apache.catalina.core.StandardServer.initialize(StandardServer.java:795)
	at org.apache.catalina.startup.Catalina.load(Catalina.java:524)
	at org.apache.catalina.startup.Catalina.load(Catalina.java:548)
	at sun.reflect.NativeMethodAccessorImpl.invoke0(Native Method)
	at sun.reflect.NativeMethodAccessorImpl.invoke(NativeMethodAccessorImpl.java:57)
	at sun.reflect.DelegatingMethodAccessorImpl.invoke(DelegatingMethodAccessorImpl.java:43)
	at java.lang.reflect.Method.invoke(Method.java:616)
	at org.apache.catalina.startup.Bootstrap.load(Bootstrap.java:261)
	at org.apache.catalina.startup.Bootstrap.main(Bootstrap.java:413)
13/08/2010 23:18:41 org.apache.catalina.startup.Catalina load
INFO: Initialization processed in 817 ms
13/08/2010 23:18:41 org.apache.catalina.core.StandardService start
INFO: Arrancando servicio Catalina
13/08/2010 23:18:41 org.apache.catalina.core.StandardEngine start
INFO: Starting Servlet Engine: Apache Tomcat/6.0.29
13/08/2010 23:18:41 org.apache.catalina.startup.HostConfig deployDescriptor
INFO: Desplieque del descriptor de configuración host-manager.xml
13/08/2010 23:18:41 org.apache.catalina.startup.HostConfig deployDescriptor
INFO: Desplieque del descriptor de configuración manager.xml
13/08/2010 23:18:41 org.apache.catalina.startup.HostConfig deployWAR
INFO: Despliegue del archivo JasperReport.war de la aplicación web
13/08/2010 23:18:42 org.apache.catalina.startup.HostConfig deployDirectory
INFO: Despliegue del directorio ROOT de la aplicación web
13/08/2010 23:18:42 org.apache.catalina.startup.HostConfig deployDirectory
INFO: Despliegue del directorio docs de la aplicación web
13/08/2010 23:18:42 org.apache.catalina.startup.HostConfig deployDirectory
INFO: Despliegue del directorio examples de la aplicación web
13/08/2010 23:18:42 org.apache.coyote.http11.Http11Protocol start
GRAVE: Error arrancando punto final (endpoint)
java.net.BindException: Address already in use <null>:8080
	at org.apache.tomcat.util.net.JIoEndpoint.init(JIoEndpoint.java:549)
	at org.apache.tomcat.util.net.JIoEndpoint.start(JIoEndpoint.java:565)
	at org.apache.coyote.http11.Http11Protocol.start(Http11Protocol.java:203)
	at org.apache.catalina.connector.Connector.start(Connector.java:1087)
	at org.apache.catalina.core.StandardService.start(StandardService.java:534)
	at org.apache.catalina.core.StandardServer.start(StandardServer.java:710)
	at org.apache.catalina.startup.Catalina.start(Catalina.java:581)
	at sun.reflect.NativeMethodAccessorImpl.invoke0(Native Method)
	at sun.reflect.NativeMethodAccessorImpl.invoke(NativeMethodAccessorImpl.java:57)
	at sun.reflect.DelegatingMethodAccessorImpl.invoke(DelegatingMethodAccessorImpl.java:43)
	at java.lang.reflect.Method.invoke(Method.java:616)
	at org.apache.catalina.startup.Bootstrap.start(Bootstrap.java:289)
	at org.apache.catalina.startup.Bootstrap.main(Bootstrap.java:414)
Caused by: java.net.BindException: Address already in use
	at java.net.PlainSocketImpl.socketBind(Native Method)
	at java.net.AbstractPlainSocketImpl.bind(AbstractPlainSocketImpl.java:336)
	at java.net.ServerSocket.bind(ServerSocket.java:336)
	at java.net.ServerSocket.<init>(ServerSocket.java:202)
	at java.net.ServerSocket.<init>(ServerSocket.java:158)
	at org.apache.tomcat.util.net.DefaultServerSocketFactory.createSocket(DefaultServerSocketFactory.java:50)
	at org.apache.tomcat.util.net.JIoEndpoint.init(JIoEndpoint.java:538)
	... 12 more
13/08/2010 23:18:42 org.apache.catalina.startup.Catalina start
GRAVE: Catalina.start: 
LifecycleException:  service.getName(): "Catalina";  Falló el arranque del manejador de protocolo: java.net.BindException: Address already in use <null>:8080
	at org.apache.catalina.connector.Connector.start(Connector.java:1094)
	at org.apache.catalina.core.StandardService.start(StandardService.java:534)
	at org.apache.catalina.core.StandardServer.start(StandardServer.java:710)
	at org.apache.catalina.startup.Catalina.start(Catalina.java:581)
	at sun.reflect.NativeMethodAccessorImpl.invoke0(Native Method)
	at sun.reflect.NativeMethodAccessorImpl.invoke(NativeMethodAccessorImpl.java:57)
	at sun.reflect.DelegatingMethodAccessorImpl.invoke(DelegatingMethodAccessorImpl.java:43)
	at java.lang.reflect.Method.invoke(Method.java:616)
	at org.apache.catalina.startup.Bootstrap.start(Bootstrap.java:289)
	at org.apache.catalina.startup.Bootstrap.main(Bootstrap.java:414)
13/08/2010 23:18:42 org.apache.catalina.startup.Catalina start
INFO: Server startup in 1252 ms
13/08/2010 23:18:42 org.apache.catalina.core.StandardServer await
GRAVE: StandardServer.await: create[8005]: 
java.net.BindException: Address already in use
	at java.net.PlainSocketImpl.socketBind(Native Method)
	at java.net.AbstractPlainSocketImpl.bind(AbstractPlainSocketImpl.java:336)
	at java.net.ServerSocket.bind(ServerSocket.java:336)
	at java.net.ServerSocket.<init>(ServerSocket.java:202)
	at org.apache.catalina.core.StandardServer.await(StandardServer.java:373)
	at org.apache.catalina.startup.Catalina.await(Catalina.java:662)
	at org.apache.catalina.startup.Catalina.start(Catalina.java:614)
	at sun.reflect.NativeMethodAccessorImpl.invoke0(Native Method)
	at sun.reflect.NativeMethodAccessorImpl.invoke(NativeMethodAccessorImpl.java:57)
	at sun.reflect.DelegatingMethodAccessorImpl.invoke(DelegatingMethodAccessorImpl.java:43)
	at java.lang.reflect.Method.invoke(Method.java:616)
	at org.apache.catalina.startup.Bootstrap.start(Bootstrap.java:289)
	at org.apache.catalina.startup.Bootstrap.main(Bootstrap.java:414)
13/08/2010 23:18:42 org.apache.coyote.http11.Http11Protocol pause
INFO: Pausando Coyote HTTP/1.1 en puerto http-8080
13/08/2010 23:18:43 org.apache.catalina.core.StandardService stop
INFO: Parando servicio Catalina
13/08/2010 23:18:43 org.apache.catalina.connector.MapperListener destroy
ADVERTENCIA: Error unregistering MBeanServerDelegate
java.lang.NullPointerException
	at org.apache.catalina.connector.MapperListener.destroy(MapperListener.java:176)
	at org.apache.catalina.connector.Connector.stop(Connector.java:1135)
	at org.apache.catalina.core.StandardService.stop(StandardService.java:596)
	at org.apache.catalina.core.StandardServer.stop(StandardServer.java:744)
	at org.apache.catalina.startup.Catalina.stop(Catalina.java:648)
	at org.apache.catalina.startup.Catalina$CatalinaShutdownHook.run(Catalina.java:692)
13/08/2010 23:18:43 org.apache.coyote.http11.Http11Protocol destroy
INFO: Parando Coyote HTTP/1.1 en puerto http-8080
13/08/2010 23:18:43 org.apache.catalina.connector.Connector stop
GRAVE: El conector Coyote no ha sido arrancado
13/08/2010 23:19:01 org.apache.coyote.http11.Http11Protocol pause
INFO: Pausando Coyote HTTP/1.1 en puerto http-8080
13/08/2010 23:19:02 org.apache.catalina.core.StandardService stop
INFO: Parando servicio Catalina
13/08/2010 23:19:02 org.apache.coyote.http11.Http11Protocol destroy
INFO: Parando Coyote HTTP/1.1 en puerto http-8080
